// Sat Jul 19 01:35:53 UTC 2025
Fix time slot overlap bug
Refactor predicate logic
Improve CSV parsing
Optimize schedule generation
Fix time slot overlap bug
Optimize schedule generation
// Activity 16704
// Activity 15400
// Activity 23793
// Activity 17239
// Activity 4032
// Activity 18110
// Activity 7005
// Refactor CSV reader
// Enhance Prolog facts parser
// Enhance Prolog facts parser
// Optimize timetable generation
// Bug fix: slot conflict
// Refactor CSV reader
// Refactor CSV reader
// Refactor CSV reader
// Refactor CSV reader
// Bug fix: slot conflict
// Optimize timetable generation
